# JRE version: OpenJDK Runtime Environment (8.0_91-b14) (build 1.8.0_91-8u91-b14-0ubuntu4~16.04.1-b14)
# Java VM: OpenJDK 64-Bit Server VM (25.91-b14 mixed mode linux-amd64 compressed oops)
Heap:
 def new generation   total 34496K, used 0K [0x00000000f0c00000, 0x00000000f3160000, 0x00000000f5d50000)
  eden space 30720K,   0% used [0x00000000f0c00000, 0x00000000f0c00000, 0x00000000f2a00000)
  from space 3776K,   0% used [0x00000000f2db0000, 0x00000000f2db0000, 0x00000000f3160000)
  to   space 3776K,   0% used [0x00000000f2a00000, 0x00000000f2a00000, 0x00000000f2db0000)
 tenured generation   total 76536K, used 65955K [0x00000000f5d50000, 0x00000000fa80e000, 0x0000000100000000)
   the space 76536K,  86% used [0x00000000f5d50000, 0x00000000f9db8fb0, 0x00000000f9db9000, 0x00000000fa80e000)
 Metaspace       used 37329K, capacity 38370K, committed 38572K, reserved 1083392K
  class space    used 4519K, capacity 4745K, committed 4780K, reserved 1048576K
GC Heap History (10 events):
Event: 33,151 GC heap after
Heap after GC invocations=27 (full 3):
 def new generation   total 34496K, used 2225K [0x00000000f0c00000, 0x00000000f3160000, 0x00000000f5d50000)
  eden space 30720K,   0% used [0x00000000f0c00000, 0x00000000f0c00000, 0x00000000f2a00000)
  from space 3776K,  58% used [0x00000000f2a00000, 0x00000000f2c2c7c0, 0x00000000f2db0000)
  to   space 3776K,   0% used [0x00000000f2db0000, 0x00000000f2db0000, 0x00000000f3160000)
 tenured generation   total 76344K, used 51116K [0x00000000f5d50000, 0x00000000fa7de000, 0x0000000100000000)
   the space 76344K,  66% used [0x00000000f5d50000, 0x00000000f8f3b140, 0x00000000f8f3b200, 0x00000000fa7de000)
 Metaspace       used 35373K, capacity 36196K, committed 36396K, reserved 1081344K
  class space    used 4370K, capacity 4580K, committed 4652K, reserved 1048576K
}
Event: 34,037 GC heap before
{Heap before GC invocations=27 (full 3):
 def new generation   total 34496K, used 32945K [0x00000000f0c00000, 0x00000000f3160000, 0x00000000f5d50000)
  eden space 30720K, 100% used [0x00000000f0c00000, 0x00000000f2a00000, 0x00000000f2a00000)
  from space 3776K,  58% used [0x00000000f2a00000, 0x00000000f2c2c7c0, 0x00000000f2db0000)
  to   space 3776K,   0% used [0x00000000f2db0000, 0x00000000f2db0000, 0x00000000f3160000)
 tenured generation   total 76344K, used 51116K [0x00000000f5d50000, 0x00000000fa7de000, 0x0000000100000000)
   the space 76344K,  66% used [0x00000000f5d50000, 0x00000000f8f3b140, 0x00000000f8f3b200, 0x00000000fa7de000)
 Metaspace       used 36741K, capacity 37676K, committed 37804K, reserved 1083392K
  class space    used 4492K, capacity 4704K, committed 4780K, reserved 1048576K
Event: 34,059 GC heap after
Heap after GC invocations=28 (full 3):
 def new generation   total 34496K, used 2959K [0x00000000f0c00000, 0x00000000f3160000, 0x00000000f5d50000)
  eden space 30720K,   0% used [0x00000000f0c00000, 0x00000000f0c00000, 0x00000000f2a00000)
  from space 3776K,  78% used [0x00000000f2db0000, 0x00000000f3093fd0, 0x00000000f3160000)
  to   space 3776K,   0% used [0x00000000f2a00000, 0x00000000f2a00000, 0x00000000f2db0000)
 tenured generation   total 76344K, used 51514K [0x00000000f5d50000, 0x00000000fa7de000, 0x0000000100000000)
   the space 76344K,  67% used [0x00000000f5d50000, 0x00000000f8f9eb40, 0x00000000f8f9ec00, 0x00000000fa7de000)
 Metaspace       used 36741K, capacity 37676K, committed 37804K, reserved 1083392K
  class space    used 4492K, capacity 4704K, committed 4780K, reserved 1048576K
}
Event: 34,835 GC heap before
{Heap before GC invocations=28 (full 3):
 def new generation   total 34496K, used 33679K [0x00000000f0c00000, 0x00000000f3160000, 0x00000000f5d50000)
  eden space 30720K, 100% used [0x00000000f0c00000, 0x00000000f2a00000, 0x00000000f2a00000)
  from space 3776K,  78% used [0x00000000f2db0000, 0x00000000f3093fd0, 0x00000000f3160000)
  to   space 3776K,   0% used [0x00000000f2a00000, 0x00000000f2a00000, 0x00000000f2db0000)
 tenured generation   total 76344K, used 51514K [0x00000000f5d50000, 0x00000000fa7de000, 0x0000000100000000)
   the space 76344K,  67% used [0x00000000f5d50000, 0x00000000f8f9eb40, 0x00000000f8f9ec00, 0x00000000fa7de000)
 Metaspace       used 37026K, capacity 38048K, committed 38316K, reserved 1083392K
  class space    used 4512K, capacity 4734K, committed 4780K, reserved 1048576K
Event: 34,970 GC heap after
Heap after GC invocations=29 (full 3):
 def new generation   total 34496K, used 3775K [0x00000000f0c00000, 0x00000000f3160000, 0x00000000f5d50000)
  eden space 30720K,   0% used [0x00000000f0c00000, 0x00000000f0c00000, 0x00000000f2a00000)
  from space 3776K,  99% used [0x00000000f2a00000, 0x00000000f2dafff8, 0x00000000f2db0000)
  to   space 3776K,   0% used [0x00000000f2db0000, 0x00000000f2db0000, 0x00000000f3160000)
 tenured generation   total 76344K, used 56229K [0x00000000f5d50000, 0x00000000fa7de000, 0x0000000100000000)
   the space 76344K,  73% used [0x00000000f5d50000, 0x00000000f94394a0, 0x00000000f9439600, 0x00000000fa7de000)
 Metaspace       used 37026K, capacity 38048K, committed 38316K, reserved 1083392K
  class space    used 4512K, capacity 4734K, committed 4780K, reserved 1048576K
}
Event: 36,959 GC heap before
{Heap before GC invocations=29 (full 3):
 def new generation   total 34496K, used 34495K [0x00000000f0c00000, 0x00000000f3160000, 0x00000000f5d50000)
  eden space 30720K, 100% used [0x00000000f0c00000, 0x00000000f2a00000, 0x00000000f2a00000)
  from space 3776K,  99% used [0x00000000f2a00000, 0x00000000f2dafff8, 0x00000000f2db0000)
  to   space 3776K,   0% used [0x00000000f2db0000, 0x00000000f2db0000, 0x00000000f3160000)
 tenured generation   total 76344K, used 56229K [0x00000000f5d50000, 0x00000000fa7de000, 0x0000000100000000)
   the space 76344K,  73% used [0x00000000f5d50000, 0x00000000f94394a0, 0x00000000f9439600, 0x00000000fa7de000)
 Metaspace       used 37192K, capacity 38240K, committed 38316K, reserved 1083392K
  class space    used 4513K, capacity 4734K, committed 4780K, reserved 1048576K
Event: 37,085 GC heap after
Heap after GC invocations=30 (full 3):
 def new generation   total 34496K, used 3775K [0x00000000f0c00000, 0x00000000f3160000, 0x00000000f5d50000)
  eden space 30720K,   0% used [0x00000000f0c00000, 0x00000000f0c00000, 0x00000000f2a00000)
  from space 3776K,  99% used [0x00000000f2db0000, 0x00000000f315fff8, 0x00000000f3160000)
  to   space 3776K,   0% used [0x00000000f2a00000, 0x00000000f2a00000, 0x00000000f2db0000)
 tenured generation   total 76344K, used 61352K [0x00000000f5d50000, 0x00000000fa7de000, 0x0000000100000000)
   the space 76344K,  80% used [0x00000000f5d50000, 0x00000000f993a110, 0x00000000f993a200, 0x00000000fa7de000)
 Metaspace       used 37192K, capacity 38240K, committed 38316K, reserved 1083392K
  class space    used 4513K, capacity 4734K, committed 4780K, reserved 1048576K
}
Event: 39,521 GC heap before
{Heap before GC invocations=30 (full 3):
 def new generation   total 34496K, used 34495K [0x00000000f0c00000, 0x00000000f3160000, 0x00000000f5d50000)
  eden space 30720K, 100% used [0x00000000f0c00000, 0x00000000f2a00000, 0x00000000f2a00000)
  from space 3776K,  99% used [0x00000000f2db0000, 0x00000000f315fff8, 0x00000000f3160000)
  to   space 3776K,   0% used [0x00000000f2a00000, 0x00000000f2a00000, 0x00000000f2db0000)
 tenured generation   total 76344K, used 61352K [0x00000000f5d50000, 0x00000000fa7de000, 0x0000000100000000)
   the space 76344K,  80% used [0x00000000f5d50000, 0x00000000f993a110, 0x00000000f993a200, 0x00000000fa7de000)
 Metaspace       used 37216K, capacity 38270K, committed 38316K, reserved 1083392K
  class space    used 4516K, capacity 4739K, committed 4780K, reserved 1048576K
Event: 40,056 GC heap after
Heap after GC invocations=31 (full 3):
 def new generation   total 34496K, used 3776K [0x00000000f0c00000, 0x00000000f3160000, 0x00000000f5d50000)
  eden space 30720K,   0% used [0x00000000f0c00000, 0x00000000f0c00000, 0x00000000f2a00000)
  from space 3776K, 100% used [0x00000000f2a00000, 0x00000000f2db0000, 0x00000000f2db0000)
  to   space 3776K,   0% used [0x00000000f2db0000, 0x00000000f2db0000, 0x00000000f3160000)
 tenured generation   total 76344K, used 72616K [0x00000000f5d50000, 0x00000000fa7de000, 0x0000000100000000)
   the space 76344K,  95% used [0x00000000f5d50000, 0x00000000fa43a260, 0x00000000fa43a400, 0x00000000fa7de000)
 Metaspace       used 37216K, capacity 38270K, committed 38316K, reserved 1083392K
  class space    used 4516K, capacity 4739K, committed 4780K, reserved 1048576K
}
Event: 72,624 GC heap before
{Heap before GC invocations=31 (full 3):
 def new generation   total 34496K, used 34496K [0x00000000f0c00000, 0x00000000f3160000, 0x00000000f5d50000)
  eden space 30720K, 100% used [0x00000000f0c00000, 0x00000000f2a00000, 0x00000000f2a00000)
  from space 3776K, 100% used [0x00000000f2a00000, 0x00000000f2db0000, 0x00000000f2db0000)
  to   space 3776K,   0% used [0x00000000f2db0000, 0x00000000f2db0000, 0x00000000f3160000)
 tenured generation   total 76344K, used 72616K [0x00000000f5d50000, 0x00000000fa7de000, 0x0000000100000000)
   the space 76344K,  95% used [0x00000000f5d50000, 0x00000000fa43a260, 0x00000000fa43a400, 0x00000000fa7de000)
 Metaspace       used 37329K, capacity 38370K, committed 38572K, reserved 1083392K
  class space    used 4519K, capacity 4745K, committed 4780K, reserved 1048576K

